[01:54:14] [main/INFO] (FabricLoader/GameProvider) Loading Minecraft 1.21.4 with Fabric Loader 0.16.14
[01:54:14] [ForkJoinPool-1-worker-7/WARN] (FabricLoader/Metadata) Mod org_cloudburstmc_netty_netty-transport-raknet uses the version 1.0.0.CR3-SNAPSHOT which isn't compatible with Loader's extended semantic version format (Could not parse version number component 'CR3'!), SemVer is recommended for reliably evaluating dependencies and prioritizing newer version
[01:54:14] [ForkJoinPool-1-worker-9/WARN] (FabricLoader/Metadata) Mod com_github_oryxel_cubeconverter uses the version 916cadb12a which isn't compatible with Loader's extended semantic version format (Could not parse version number component '916cadb12a'!), SemVer is recommended for reliably evaluating dependencies and prioritizing newer version
[01:54:15] [main/WARN] (FabricLoader/Resolution) Warnings were found!
 - Mod 'In-Game Account Switcher' (ias) 9.0.3 recommends any version of modmenu, which is missing!
	 - You should install any version of modmenu for the optimal experience.
 - Mod 'Sodium Extra' (sodium-extra) 0.6.1+mc1.21.4 recommends version 1.4.2 or later of reeses-sodium-options, which is missing!
	 - You should install version 1.4.2 or later of reeses-sodium-options for the optimal experience.
[01:54:15] [main/INFO] (FabricLoader) Loading 85 mods:
	- fabric-api 0.119.3+1.21.4
	- fabric-api-base 0.4.54+b47eab6b04
	- fabric-api-lookup-api-v1 1.6.86+b1caf1e904
	- fabric-biome-api-v1 15.0.6+b1c29d8e04
	- fabric-block-api-v1 1.0.31+7feeb73304
	- fabric-block-view-api-v2 1.0.20+9c49cc8c04
	- fabric-blockrenderlayer-v1 2.0.8+7feeb73304
	- fabric-client-gametest-api-v1 4.1.1+6816ccd404
	- fabric-client-tags-api-v1 1.1.29+20ea1e2304
	- fabric-command-api-v1 1.2.62+f71b366f04
	- fabric-command-api-v2 2.2.41+e496eb1504
	- fabric-commands-v0 0.2.79+df3654b304
	- fabric-content-registries-v0 9.1.19+25d1a67604
	- fabric-convention-tags-v1 2.1.20+7f945d5b04
	- fabric-convention-tags-v2 2.14.1+aebda09404
	- fabric-crash-report-info-v1 0.3.6+7feeb73304
	- fabric-data-attachment-api-v1 1.6.2+e99da0f704
	- fabric-data-generation-api-v1 22.3.1+0f4e5f5504
	- fabric-dimensions-v1 4.0.10+7feeb73304
	- fabric-entity-events-v1 2.0.15+62245bef04
	- fabric-events-interaction-v0 4.0.4+a4eebcf004
	- fabric-game-rule-api-v1 1.0.63+7d48d43904
	- fabric-gametest-api-v1 2.0.26+7feeb73304
	- fabric-item-api-v1 11.3.0+ee91fa1f04
	- fabric-item-group-api-v1 4.2.2+fcb9601404
	- fabric-key-binding-api-v1 1.0.57+7d48d43904
	- fabric-keybindings-v0 0.2.55+df3654b304
	- fabric-lifecycle-events-v1 2.5.4+bf2a60eb04
	- fabric-loot-api-v2 3.0.38+3f89f5a504
	- fabric-loot-api-v3 1.0.26+203e6b2304
	- fabric-message-api-v1 6.0.26+238a33c004
	- fabric-model-loading-api-v1 4.3.0+ae23723504
	- fabric-networking-api-v1 4.4.0+db5e668204
	- fabric-object-builder-api-v1 18.0.14+38b0d59804
	- fabric-particles-v1 4.0.14+7feeb73304
	- fabric-recipe-api-v1 8.1.1+640e77ae04
	- fabric-registry-sync-v0 6.1.11+4a9c1ece04
	- fabric-renderer-api-v1 5.0.3+50f0feb204
	- fabric-renderer-indigo 2.0.3+50f0feb204
	- fabric-rendering-data-attachment-v1 0.3.58+73761d2e04
	- fabric-rendering-fluids-v1 3.1.19+7feeb73304
	- fabric-rendering-v1 10.2.1+0d31b09f04
	- fabric-resource-conditions-api-v1 5.0.13+203e6b2304
	- fabric-resource-loader-v0 3.1.1+360374ac04
	- fabric-screen-api-v1 2.0.38+7feeb73304
	- fabric-screen-handler-api-v1 1.3.118+7feeb73304
	- fabric-sound-api-v1 1.0.32+7feeb73304
	- fabric-tag-api-v1 1.0.7+7d48d43904
	- fabric-transfer-api-v1 5.4.9+efa825c904
	- fabric-transitive-access-wideners-v1 6.3.2+56e78b9b04
	- fabricloader 0.16.14
	- funpay 1.0-DEVELOPMENT
	- ias 9.0.3
	- java 21
	- minecraft 1.21.4
	- mixinextras 0.4.1
	- sodium 0.6.13+mc1.21.4
	- sodium-extra 0.6.1+mc1.21.4
	- viafabricplus 4.0.5-BACKPORT
	   |-- com_github_oryxel_cubeconverter 916cadb12a
	   |-- com_google_code_findbugs_jsr305 3.0.2
	   |-- com_vdurmont_semver4j 3.1.0
	   |-- com_viaversion_viaaprilfools-common 4.0.2-20250426.140810-22
	   |-- com_viaversion_viabackwards-common 5.3.3-20250426.185209-1
	   |-- com_viaversion_vialoader 4.0.3-20250426.141011-6
	   |-- com_viaversion_viaversion-common 5.3.3-20250426.143637-8
	   |-- de_florianmichael_classic4j 2.1.1-SNAPSHOT
	   |-- io_jsonwebtoken_jjwt-api 0.12.6
	   |-- io_jsonwebtoken_jjwt-gson 0.12.6
	   |-- io_jsonwebtoken_jjwt-impl 0.12.6
	   |-- io_netty_netty-codec-http 4.2.0
	   |-- net_jodah_expiringmap 0.5.10
	   |-- net_lenni0451_commons_httpclient 1.6.0
	   |-- net_lenni0451_mcstructs-bedrock_forms 2.0.0
	   |-- net_lenni0451_mcstructs-bedrock_text 2.0.0
	   |-- net_lenni0451_reflect 1.4.0
	   |-- net_raphimc_minecraftauth 4.1.1
	   |-- net_raphimc_viabedrock 0.0.16-20250404.165607-5
	   |-- net_raphimc_vialegacy 3.0.10-20250426.140714-8
	   |-- org_cloudburstmc_netty_netty-transport-raknet 1.0.0.CR3-SNAPSHOT
	   |-- org_lz4_lz4-pure-java 1.8.0
	   |-- team_unnamed_mocha 3.0.1
	   |-- viafabricplus-api 4.0.5-BACKPORT
	   |-- viafabricplus-api-legacy 4.0.5-BACKPORT
	   \-- viafabricplus-visuals 4.0.5-BACKPORT
[01:54:19] [pool-2-thread-10/WARN] (FabricLoader/ModRemap) Cannot remap lambda$addCloudsPass$6 because it does not exists in any of the targets [net/minecraft/class_761]
[01:54:19] [pool-2-thread-10/WARN] (FabricLoader/ModRemap) Cannot remap lambda$addSkyPass$12 because it does not exists in any of the targets [net/minecraft/class_761]
[01:54:20] [pool-2-thread-3/WARN] (FabricLoader/ModRemap) Cannot remap iterateVisibleBlockEntities because it does not exists in any of the targets [net/minecraft/class_761]
[01:54:20] [pool-2-thread-2/WARN] (FabricLoader/ModRemap) Cannot remap lambda$init$2 because it does not exists in any of the targets [net/minecraft/class_429]
[01:54:20] [pool-2-thread-6/WARN] (FabricLoader/ModRemap) Cannot remap getRenderLayers because it does not exists in any of the targets [net/minecraft/class_4696]
[01:54:23] [main/INFO] (FabricLoader/Mixin) SpongePowered MIXIN Subsystem Version=0.8.7 Source=file:/C:/Program%20Files/gradle-8.10/caches/modules-2/files-2.1/net.fabricmc/sponge-mixin/0.15.5+mixin.0.8.7/22f9eb729e216a091673a574a5906dc1b9027fb3/sponge-mixin-0.15.5+mixin.0.8.7.jar Service=Knot/Fabric Env=CLIENT
[01:54:23] [main/INFO] (FabricLoader/Mixin) Loaded Fabric development mappings for mixin remapper!
[01:54:23] [main/INFO] (FabricLoader/Mixin) Compatibility level set to JAVA_21
[01:54:23] [main/INFO] (Sodium) Loaded configuration file for Sodium: 43 options available, 0 override(s) found
[01:54:23] [main/INFO] (Sodium Extra Config) Loaded configuration file for Sodium Extra: 34 options available, 0 override(s) found
[01:54:24] [main/INFO] (Sodium-GraphicsAdapterProbe) Searching for graphics cards...
[01:54:24] [main/INFO] (Sodium-GraphicsAdapterProbe) Found graphics adapter: AdapterInfo{vendor=NVIDIA, description='NVIDIA GeForce RTX 3060', adapterType=0x0000031B, openglIcdFilePath='C:\WINDOWS\System32\DriverStore\FileRepository\nv_dispi.inf_amd64_fe5f369669db2f36\nvoglv64.dll', openglIcdVersion=32.0.15.8088}
[01:54:24] [main/WARN] (Sodium-Workarounds) Sodium has applied one or more workarounds to prevent crashes or other issues on your system: [NVIDIA_THREADED_OPTIMIZATIONS_BROKEN]
[01:54:24] [main/WARN] (Sodium-Workarounds) This is not necessarily an issue, but it may result in certain features or optimizations being disabled. You can sometimes fix these issues by upgrading your graphics driver.
[01:54:24] [main/INFO] (FabricLoader/MixinExtras|Service) Initializing MixinExtras via com.llamalad7.mixinextras.service.MixinExtrasServiceImpl(version=0.4.1).
[01:54:26] [Datafixer Bootstrap/INFO] (Minecraft) 243 Datafixer optimizations took 300 milliseconds
[01:54:38] [Render thread/INFO] (Minecraft) Environment: Environment[sessionHost=https://sessionserver.mojang.com, servicesHost=https://api.minecraftservices.com, name=PROD]
[01:54:38] [Render thread/INFO] (Minecraft) Setting user: Player31
[01:54:38] [Via-Mappingloader-0/INFO] (ViaVersion) Loading block connection mappings ...
[01:54:38] [Render thread/INFO] (Minecraft) [STDOUT]: Client was successfully initialized
[01:54:38] [Via-Mappingloader-0/INFO] (ViaVersion) Using FastUtil Long2ObjectOpenHashMap for block connections
[01:54:38] [Render thread/INFO] (Indigo) [Indigo] Different rendering plugin detected; not applying Indigo.
[01:54:38] [Render thread/INFO] (Minecraft) [STDOUT]: NotificationManager initialized and test notification posted.
[01:54:38] [Render thread/INFO] (IAS/IASMinecraft) IAS: Booting up... (version: 9.0.3, loader: Fabric, loader version: 0.16.14, game version: 1.21.4)
[01:54:38] [Render thread/INFO] (IAS) IAS: Initializing IAS...
[01:54:38] [Render thread/INFO] (IAS) IAS: IAS has been loaded.
[01:54:39] [ForkJoinPool.commonPool-worker-1/INFO] (ViaBackwards) Loading translations...
[01:54:39] [ForkJoinPool.commonPool-worker-1/INFO] (ViaBackwards) Registering protocols...
[01:54:39] [Render thread/INFO] (Minecraft) Backend library: LWJGL version 3.3.3-snapshot
[01:54:39] [Render thread/INFO] (Sodium-NvidiaWorkarounds) Modifying process environment to apply workarounds for the NVIDIA graphics driver...
[01:54:40] [ForkJoinPool.commonPool-worker-1/INFO] (ViaBedrock) Started resource pack HTTP server on http://127.0.0.1:64519/
[01:54:40] [ForkJoinPool.commonPool-worker-1/INFO] (ViaVersion) ViaVersion detected lowest supported version by the proxy: c0.0.15a-1 (0)
[01:54:40] [ForkJoinPool.commonPool-worker-1/INFO] (ViaVersion) Highest supported version by the proxy: 1.21.5 (770)
[01:54:40] [ForkJoinPool.commonPool-worker-1/INFO] (Minecraft) Environment: Environment[sessionHost=https://sessionserver.mojang.com, servicesHost=https://api.minecraftservices.com, name=PROD]
[01:54:40] [Render thread/INFO] (Minecraft) OpenGL Vendor: NVIDIA Corporation
[01:54:40] [Render thread/INFO] (Minecraft) OpenGL Renderer: NVIDIA GeForce RTX 3060/PCIe/SSE2
[01:54:40] [Render thread/INFO] (Minecraft) OpenGL Version: 3.2.0 NVIDIA 580.88
[01:54:40] [Render thread/INFO] (Sodium-NvidiaWorkarounds) Modifying OpenGL context to apply workarounds for the NVIDIA graphics driver...
[01:54:40] [Render thread/INFO] (Sodium-NvidiaWorkarounds) Enabling GL_DEBUG_OUTPUT_SYNCHRONOUS to force the NVIDIA driver to disable threadedcommand submission
[01:54:41] [Via Async Scheduler 0/INFO] (ViaVersion) Finished mapping loading, shutting down loader executor.
[01:54:42] [Render thread/INFO] (Minecraft) Reloading ResourceManager: vanilla, fabric, com_viaversion_viaaprilfools-common, com_viaversion_viabackwards-common, com_viaversion_viaversion-common, fabric-api, fabric-api-base, fabric-api-lookup-api-v1, fabric-biome-api-v1, fabric-block-api-v1, fabric-block-view-api-v2, fabric-blockrenderlayer-v1, fabric-client-gametest-api-v1, fabric-client-tags-api-v1, fabric-command-api-v1, fabric-command-api-v2, fabric-commands-v0, fabric-content-registries-v0, fabric-convention-tags-v1, fabric-convention-tags-v2, fabric-crash-report-info-v1, fabric-data-attachment-api-v1, fabric-data-generation-api-v1, fabric-dimensions-v1, fabric-entity-events-v1, fabric-events-interaction-v0, fabric-game-rule-api-v1, fabric-gametest-api-v1, fabric-item-api-v1, fabric-item-group-api-v1, fabric-key-binding-api-v1, fabric-keybindings-v0, fabric-lifecycle-events-v1, fabric-loot-api-v2, fabric-loot-api-v3, fabric-message-api-v1, fabric-model-loading-api-v1, fabric-networking-api-v1, fabric-object-builder-api-v1, fabric-particles-v1, fabric-recipe-api-v1, fabric-registry-sync-v0, fabric-renderer-api-v1, fabric-renderer-indigo, fabric-rendering-data-attachment-v1, fabric-rendering-fluids-v1, fabric-rendering-v1, fabric-resource-conditions-api-v1, fabric-resource-loader-v0, fabric-screen-api-v1, fabric-screen-handler-api-v1, fabric-sound-api-v1, fabric-tag-api-v1, fabric-transfer-api-v1, fabric-transitive-access-wideners-v1, fabricloader, funpay, ias, net_raphimc_viabedrock, net_raphimc_vialegacy, sodium, sodium-extra, viafabricplus, viafabricplus-visuals
[01:54:42] [Worker-Main-3/INFO] (Minecraft) Found unifont_all_no_pua-16.0.01.hex, loading
[01:54:42] [Worker-Main-5/INFO] (Minecraft) Found unifont_jp_patch-16.0.01.hex, loading
[01:54:43] [Render thread/INFO] (Minecraft) OpenAL initialized on device OpenAL Soft on Headset Earphone (G435 Wireless Gaming Headset)
[01:54:43] [Render thread/INFO] (Minecraft) Sound engine started
[01:54:43] [Render thread/INFO] (Minecraft) Created: 1024x512x4 minecraft:textures/atlas/blocks.png-atlas
[01:54:43] [Render thread/INFO] (Minecraft) Created: 256x256x4 minecraft:textures/atlas/signs.png-atlas
[01:54:43] [Render thread/INFO] (Minecraft) Created: 512x512x4 minecraft:textures/atlas/banner_patterns.png-atlas
[01:54:43] [Render thread/INFO] (Minecraft) Created: 512x512x4 minecraft:textures/atlas/shield_patterns.png-atlas
[01:54:43] [Render thread/INFO] (Minecraft) Created: 2048x1024x4 minecraft:textures/atlas/armor_trims.png-atlas
[01:54:43] [Render thread/INFO] (Minecraft) Created: 256x256x4 minecraft:textures/atlas/chest.png-atlas
[01:54:43] [Render thread/INFO] (Minecraft) Created: 128x64x4 minecraft:textures/atlas/decorated_pot.png-atlas
[01:54:43] [Render thread/INFO] (Minecraft) Created: 512x256x4 minecraft:textures/atlas/beds.png-atlas
[01:54:43] [Render thread/INFO] (Minecraft) Created: 512x256x4 minecraft:textures/atlas/shulker_boxes.png-atlas
[01:54:43] [Render thread/INFO] (Minecraft) Created: 64x64x0 minecraft:textures/atlas/map_decorations.png-atlas
[01:54:44] [Render thread/INFO] (Minecraft) Created: 512x256x0 minecraft:textures/atlas/particles.png-atlas
[01:54:44] [Render thread/INFO] (Minecraft) Created: 512x256x0 minecraft:textures/atlas/paintings.png-atlas
[01:54:44] [Render thread/INFO] (Minecraft) Created: 256x128x0 minecraft:textures/atlas/mob_effects.png-atlas
[01:54:44] [Render thread/INFO] (Minecraft) Created: 1024x512x0 minecraft:textures/atlas/gui.png-atlas
[01:54:48] [Render thread/INFO] (Minecraft) Loaded 1370 recipes
[01:54:48] [Render thread/INFO] (Minecraft) Loaded 1481 advancements
[01:54:48] [Render thread/INFO] (BiomeModificationImpl) Applied 0 biome modifications to 0 of 65 new biomes in 1.136 ms
[01:54:48] [Server thread/INFO] (Minecraft) Starting integrated minecraft server version 1.21.4
[01:54:48] [Server thread/INFO] (Minecraft) Generating keypair
[01:54:48] [Server thread/INFO] (Minecraft) Preparing start region for dimension minecraft:overworld
[01:54:49] [Render thread/INFO] (Minecraft) Подготовка области возрождения: 0%
[01:54:49] [Render thread/INFO] (Minecraft) Подготовка области возрождения: 0%
[01:54:49] [Render thread/INFO] (Minecraft) Time elapsed: 774 ms
[01:54:49] [Server thread/INFO] (Minecraft) Changing view distance to 7, from 10
[01:54:49] [Server thread/INFO] (Minecraft) Changing simulation distance to 10, from 0
[01:54:50] [Server thread/INFO] (Minecraft) Player31[local:E:14101858] logged in with entity id 11 at (82.81931148196662, 104.78909828723245, -152.2107713408141)
[01:54:50] [Server thread/INFO] (Minecraft) Player31 присоединился к игре
[01:54:50] [Render thread/INFO] (ChunkBuilder) Started 6 worker threads
[01:54:50] [Render thread/INFO] (Minecraft) Loaded 6 advancements
